Mplus VERSION 8.9 (Mac)
MUTHEN & MUTHEN
12/04/2023  11:39 AM

INPUT INSTRUCTIONS

  DATA:
  FILE = "link-01-ADAMS-uni-mlr-GCPv2a.dat";

  VARIABLE:
  NAMES = mplusid AASAMPWT_F SECLUST SESTRAT Q100 Q101 Q102 Q103 Q104 Q106 Q109 Q110
       Q115 Q117;
   MISSING=.;
   CATEGORICAL ARE all; idvariable = mplusid;
    cluster = SECLUST ; weight is AASAMPWT_F; stratification is SESTRAT;
  ANALYSIS:
  type = complex; estimator = mlr; COVERAGE = 0;
  MODEL:
  g by Q100*;
   g by Q101*;
   g by Q102*;
   g by Q103*;
   g by Q104*;
   g by Q106*;
   g by Q109*;
   g by Q110*;
   g by Q115*;
   g by Q117*;
   g @ 1;

  OUTPUT:
  standardized;



*** WARNING
  Clusters with the same IDs have been found in different strata.  These
  clusters are assumed to be different because clusters are not allowed
  to appear in more than one stratum.
*** WARNING
  Data set contains cases with missing on all variables.
  These cases were not included in the analysis.
  Number of cases with missing on all variables:  37
   2 WARNING(S) FOUND IN THE INPUT INSTRUCTIONS




SUMMARY OF ANALYSIS

Number of groups                                                 1
Number of observations                                         819

Number of dependent variables                                   10
Number of independent variables                                  0
Number of continuous latent variables                            1

Observed dependent variables

  Binary and ordered categorical (ordinal)
   Q100        Q101        Q102        Q103        Q104        Q106
   Q109        Q110        Q115        Q117

Continuous latent variables
   G

Variables with special functions

  Stratification        SESTRAT
  Cluster variable      SECLUST
  Weight variable       AASAMPWT
  ID variable           MPLUSID

Estimator                                                      MLR
Information matrix                                        OBSERVED
Optimization Specifications for the Quasi-Newton Algorithm for
Continuous Outcomes
  Maximum number of iterations                                 100
  Convergence criterion                                  0.100D-05
Optimization Specifications for the EM Algorithm
  Maximum number of iterations                                 500
  Convergence criteria
    Loglikelihood change                                 0.100D-02
    Relative loglikelihood change                        0.100D-05
    Derivative                                           0.100D-02
Optimization Specifications for the M step of the EM Algorithm for
Categorical Latent variables
  Number of M step iterations                                    1
  M step convergence criterion                           0.100D-02
  Basis for M step termination                           ITERATION
Optimization Specifications for the M step of the EM Algorithm for
Censored, Binary or Ordered Categorical (Ordinal), Unordered
Categorical (Nominal) and Count Outcomes
  Number of M step iterations                                    1
  M step convergence criterion                           0.100D-02
  Basis for M step termination                           ITERATION
  Maximum value for logit thresholds                            15
  Minimum value for logit thresholds                           -15
  Minimum expected cell size for chi-square              0.100D-01
Maximum number of iterations for H1                           2000
Convergence criterion for H1                             0.100D-03
Optimization algorithm                                         EMA
Integration Specifications
  Type                                                    STANDARD
  Number of integration points                                  15
  Dimensions of numerical integration                            1
  Adaptive quadrature                                           ON
Link                                                         LOGIT
Cholesky                                                        ON

Input data file(s)
  link-01-ADAMS-uni-mlr-GCPv2a.dat
Input data format  FREE


SUMMARY OF DATA

     Number of missing data patterns            56
     Number of y missing data patterns           0
     Number of u missing data patterns          56
     Number of strata                           26
     Number of clusters                         52


COVARIANCE COVERAGE OF DATA

Minimum covariance coverage value   0.000


     PROPORTION OF DATA PRESENT FOR U


           Covariance Coverage
              Q100          Q101          Q102          Q103          Q104
              ________      ________      ________      ________      ________
 Q100           0.452
 Q101           0.452         0.840
 Q102           0.446         0.795         0.906
 Q103           0.446         0.794         0.891         0.891
 Q104           0.452         0.834         0.884         0.875         0.965
 Q106           0.451         0.835         0.894         0.884         0.951
 Q109           0.449         0.825         0.873         0.866         0.928
 Q110           0.424         0.641         0.647         0.647         0.646
 Q115           0.449         0.828         0.889         0.877         0.947
 Q117           0.444         0.764         0.807         0.806         0.821


           Covariance Coverage
              Q106          Q109          Q110          Q115          Q117
              ________      ________      ________      ________      ________
 Q106           0.966
 Q109           0.934         0.934
 Q110           0.647         0.647         0.648
 Q115           0.950         0.924         0.648         0.978
 Q117           0.821         0.817         0.636         0.812         0.822


UNIVARIATE PROPORTIONS AND COUNTS FOR CATEGORICAL VARIABLES

    Q100
      Category 1    0.093           55.623
      Category 2    0.026           15.368
      Category 3    0.053           31.983
      Category 4    0.077           45.840
      Category 5    0.073           43.989
      Category 6    0.112           66.850
      Category 7    0.168          100.713
      Category 8    0.263          157.326
      Category 9    0.127           75.950
      Category 10    0.008            5.066
    Q101
      Category 1    0.040           31.364
      Category 2    0.014           11.224
      Category 3    0.016           12.370
      Category 4    0.037           28.842
      Category 5    0.046           35.772
      Category 6    0.079           62.134
      Category 7    0.181          141.692
      Category 8    0.377          294.401
      Category 9    0.174          135.755
      Category 10    0.036           28.045
    Q102
      Category 1    0.001            0.786
      Category 2    0.007            5.785
      Category 3    0.023           17.898
      Category 4    0.125           97.281
      Category 5    0.338          263.715
      Category 6    0.189          147.634
      Category 7    0.220          171.364
      Category 8    0.086           66.887
      Category 9    0.011            8.233
    Q103
      Category 1    0.032           24.755
      Category 2    0.053           40.817
      Category 3    0.085           65.538
      Category 4    0.324          251.245
      Category 5    0.232          179.931
      Category 6    0.129           99.659
      Category 7    0.115           89.221
      Category 8    0.016           12.081
      Category 9    0.015           11.246
    Q104
      Category 1    0.004            3.024
      Category 2    0.037           30.286
      Category 3    0.136          110.296
      Category 4    0.185          149.566
      Category 5    0.291          235.646
      Category 6    0.224          181.442
      Category 7    0.076           61.490
      Category 8    0.038           30.620
      Category 9    0.009            7.563
    Q106
      Category 1    0.007            5.684
      Category 2    0.018           14.417
      Category 3    0.055           44.548
      Category 4    0.089           72.016
      Category 5    0.149          120.825
      Category 6    0.222          179.661
      Category 7    0.239          193.199
      Category 8    0.182          147.641
      Category 9    0.039           31.383
    Q109
      Category 1    0.059           47.290
      Category 2    0.054           43.193
      Category 3    0.074           59.730
      Category 4    0.345          276.958
      Category 5    0.426          341.687
      Category 6    0.035           28.098
      Category 7    0.006            4.825
      Category 8    0.000            0.268
      Category 9    0.000            0.090
    Q110
      Category 1    0.007            5.119
      Category 2    0.036           24.911
      Category 3    0.110           77.134
      Category 4    0.172          119.899
      Category 5    0.215          150.104
      Category 6    0.194          135.542
      Category 7    0.173          120.478
      Category 8    0.085           59.364
      Category 9    0.008            5.746
    Q115
      Category 1    0.003            2.152
      Category 2    0.002            1.392
      Category 3    0.004            3.601
      Category 4    0.005            3.807
      Category 5    0.018           14.422
      Category 6    0.035           28.875
      Category 7    0.035           28.553
      Category 8    0.113           92.286
      Category 9    0.445          361.952
      Category 10    0.340          276.822
    Q117
      Category 1    0.011            8.063
      Category 2    0.052           39.688
      Category 3    0.123           93.720
      Category 4    0.189          143.904
      Category 5    0.270          205.809
      Category 6    0.177          134.655
      Category 7    0.110           83.971
      Category 8    0.050           38.333
      Category 9    0.018           13.611



THE MODEL ESTIMATION TERMINATED NORMALLY

     THE CHI-SQUARE TEST CANNOT BE COMPUTED BECAUSE THE FREQUENCY TABLE FOR THE
     CATEGORICAL VARIABLES IS TOO LARGE.




MODEL FIT INFORMATION

Number of Free Parameters                       93

Loglikelihood

          H0 Value                      -12029.003
          H0 Scaling Correction Factor      1.7032
            for MLR

Information Criteria

          Akaike (AIC)                   24244.006
          Bayesian (BIC)                 24681.858
          Sample-Size Adjusted BIC       24386.525
            (n* = (n + 2) / 24)



MODEL RESULTS

                                                    Two-Tailed
                    Estimate       S.E.  Est./S.E.    P-Value

 G        BY
    Q100               3.409      0.345      9.875      0.000
    Q101               1.782      0.198      9.013      0.000
    Q102               1.325      0.161      8.254      0.000
    Q103               1.717      0.184      9.345      0.000
    Q104               1.676      0.174      9.652      0.000
    Q106               1.683      0.134     12.540      0.000
    Q109               1.130      0.137      8.216      0.000
    Q110               3.993      0.358     11.158      0.000
    Q115               1.607      0.124     12.989      0.000
    Q117               1.916      0.132     14.522      0.000

 Thresholds
    Q100$1            -2.522      0.345     -7.301      0.000
    Q100$2            -2.096      0.305     -6.877      0.000
    Q100$3            -1.393      0.297     -4.696      0.000
    Q100$4            -0.594      0.286     -2.075      0.038
    Q100$5             0.083      0.218      0.382      0.702
    Q100$6             1.010      0.212      4.773      0.000
    Q100$7             2.275      0.211     10.762      0.000
    Q100$8             4.640      0.409     11.356      0.000
    Q100$9             8.202      0.796     10.303      0.000
    Q101$1            -4.251      0.290    -14.658      0.000
    Q101$2            -3.828      0.307    -12.487      0.000
    Q101$3            -3.460      0.286    -12.080      0.000
    Q101$4            -2.786      0.205    -13.575      0.000
    Q101$5            -2.165      0.156    -13.909      0.000
    Q101$6            -1.391      0.126    -11.042      0.000
    Q101$7            -0.115      0.149     -0.774      0.439
    Q101$8             2.211      0.208     10.609      0.000
    Q101$9             4.419      0.356     12.397      0.000
    Q102$1            -7.946      0.694    -11.454      0.000
    Q102$2            -5.708      0.319    -17.920      0.000
    Q102$3            -4.190      0.294    -14.267      0.000
    Q102$4            -2.022      0.175    -11.578      0.000
    Q102$5             0.142      0.080      1.771      0.077
    Q102$6             1.122      0.129      8.689      0.000
    Q102$7             2.791      0.207     13.464      0.000
    Q102$8             5.186      0.513     10.118      0.000
    Q103$1            -4.649      0.309    -15.042      0.000
    Q103$2            -3.212      0.223    -14.437      0.000
    Q103$3            -2.064      0.169    -12.197      0.000
    Q103$4             0.195      0.116      1.683      0.092
    Q103$5             1.556      0.164      9.486      0.000
    Q103$6             2.556      0.212     12.065      0.000
    Q103$7             4.470      0.383     11.671      0.000
    Q103$8             5.254      0.520     10.109      0.000
    Q104$1            -7.255      0.394    -18.412      0.000
    Q104$2            -4.365      0.250    -17.455      0.000
    Q104$3            -2.101      0.155    -13.514      0.000
    Q104$4            -0.693      0.150     -4.615      0.000
    Q104$5             1.025      0.186      5.515      0.000
    Q104$6             2.747      0.212     12.973      0.000
    Q104$7             3.947      0.319     12.382      0.000
    Q104$8             5.668      0.618      9.166      0.000
    Q106$1            -6.649      0.328    -20.266      0.000
    Q106$2            -5.116      0.240    -21.275      0.000
    Q106$3            -3.482      0.167    -20.909      0.000
    Q106$4            -2.180      0.117    -18.664      0.000
    Q106$5            -0.886      0.099     -8.932      0.000
    Q106$6             0.475      0.129      3.693      0.000
    Q106$7             1.911      0.200      9.540      0.000
    Q106$8             4.102      0.359     11.433      0.000
    Q109$1            -3.257      0.142    -22.944      0.000
    Q109$2            -2.377      0.136    -17.426      0.000
    Q109$3            -1.617      0.138    -11.752      0.000
    Q109$4             0.332      0.169      1.972      0.049
    Q109$5             3.606      0.306     11.771      0.000
    Q109$6             5.507      0.675      8.158      0.000
    Q109$7             8.182      0.756     10.822      0.000
    Q109$8             9.566      0.985      9.717      0.000
    Q110$1            -8.936      0.914     -9.781      0.000
    Q110$2            -5.943      0.582    -10.220      0.000
    Q110$3            -3.063      0.322     -9.510      0.000
    Q110$4            -0.791      0.256     -3.088      0.002
    Q110$5             1.368      0.256      5.348      0.000
    Q110$6             3.288      0.265     12.400      0.000
    Q110$7             5.543      0.410     13.529      0.000
    Q110$8             8.843      0.823     10.750      0.000
    Q115$1            -7.633      0.665    -11.486      0.000
    Q115$2            -7.103      0.515    -13.779      0.000
    Q115$3            -6.324      0.358    -17.643      0.000
    Q115$4            -5.829      0.233    -25.016      0.000
    Q115$5            -4.783      0.217    -22.029      0.000
    Q115$6            -3.715      0.192    -19.336      0.000
    Q115$7            -3.061      0.179    -17.102      0.000
    Q115$8            -1.725      0.141    -12.223      0.000
    Q115$9             1.075      0.137      7.827      0.000
    Q117$1            -6.069      0.471    -12.883      0.000
    Q117$2            -3.721      0.176    -21.098      0.000
    Q117$3            -1.873      0.092    -20.453      0.000
    Q117$4            -0.380      0.137     -2.779      0.005
    Q117$5             1.253      0.154      8.129      0.000
    Q117$6             2.490      0.238     10.446      0.000
    Q117$7             3.758      0.281     13.375      0.000
    Q117$8             5.225      0.417     12.542      0.000

 Variances
    G                  1.000      0.000    999.000    999.000


QUALITY OF NUMERICAL RESULTS

     Condition Number for the Information Matrix              0.204E-03
       (ratio of smallest to largest eigenvalue)


RESULTS IN PROBABILITY SCALE

                    Estimate

 Q100
    Category 1         0.256
    Category 2         0.037
    Category 3         0.066
    Category 4         0.080
    Category 5         0.070
    Category 6         0.095
    Category 7         0.119
    Category 8         0.163
    Category 9         0.097
    Category 10        0.017
 Q101
    Category 1         0.047
    Category 2         0.018
    Category 3         0.020
    Category 4         0.048
    Category 5         0.060
    Category 6         0.095
    Category 7         0.194
    Category 8         0.332
    Category 9         0.146
    Category 10        0.041
 Q102
    Category 1         0.001
    Category 2         0.007
    Category 3         0.024
    Category 4         0.143
    Category 5         0.351
    Category 6         0.173
    Category 7         0.199
    Category 8         0.089
    Category 9         0.013
 Q103
    Category 1         0.032
    Category 2         0.064
    Category 3         0.103
    Category 4         0.334
    Category 5         0.207
    Category 6         0.113
    Category 7         0.111
    Category 8         0.018
    Category 9         0.019
 Q104
    Category 1         0.003
    Category 2         0.036
    Category 3         0.153
    Category 4         0.195
    Category 5         0.280
    Category 6         0.206
    Category 7         0.074
    Category 8         0.041
    Category 9         0.012
 Q106
    Category 1         0.005
    Category 2         0.015
    Category 3         0.056
    Category 4         0.106
    Category 5         0.173
    Category 6         0.223
    Category 7         0.208
    Category 8         0.166
    Category 9         0.048
 Q109
    Category 1         0.061
    Category 2         0.064
    Category 3         0.089
    Category 4         0.352
    Category 5         0.390
    Category 6         0.037
    Category 7         0.007
    Category 8         0.000
    Category 9         0.000
 Q110
    Category 1         0.021
    Category 2         0.066
    Category 3         0.154
    Category 4         0.186
    Category 5         0.195
    Category 6         0.151
    Category 7         0.123
    Category 8         0.081
    Category 9         0.022
 Q115
    Category 1         0.002
    Category 2         0.001
    Category 3         0.003
    Category 4         0.004
    Category 5         0.015
    Category 6         0.036
    Category 7         0.038
    Category 8         0.132
    Category 9         0.446
    Category 10        0.323
 Q117
    Category 1         0.012
    Category 2         0.065
    Category 3         0.157
    Category 4         0.207
    Category 5         0.246
    Category 6         0.145
    Category 7         0.093
    Category 8         0.051
    Category 9         0.025


STANDARDIZED MODEL RESULTS


STDYX Standardization

                                                    Two-Tailed
                    Estimate       S.E.  Est./S.E.    P-Value

 G        BY
    Q100               0.883      0.020     44.757      0.000
    Q101               0.701      0.040     17.713      0.000
    Q102               0.590      0.047     12.661      0.000
    Q103               0.688      0.039     17.723      0.000
    Q104               0.679      0.038     17.888      0.000
    Q106               0.680      0.029     23.341      0.000
    Q109               0.529      0.046     11.403      0.000
    Q110               0.910      0.014     65.227      0.000
    Q115               0.663      0.029     23.190      0.000
    Q117               0.726      0.024     30.725      0.000

 Thresholds
    Q100$1            -0.653      0.077     -8.441      0.000
    Q100$2            -0.543      0.073     -7.464      0.000
    Q100$3            -0.361      0.075     -4.827      0.000
    Q100$4            -0.154      0.075     -2.054      0.040
    Q100$5             0.022      0.056      0.384      0.701
    Q100$6             0.262      0.050      5.259      0.000
    Q100$7             0.589      0.049     12.092      0.000
    Q100$8             1.202      0.073     16.350      0.000
    Q100$9             2.124      0.102     20.837      0.000
    Q101$1            -1.672      0.082    -20.486      0.000
    Q101$2            -1.505      0.089    -16.829      0.000
    Q101$3            -1.361      0.083    -16.468      0.000
    Q101$4            -1.096      0.068    -16.106      0.000
    Q101$5            -0.852      0.056    -15.234      0.000
    Q101$6            -0.547      0.051    -10.677      0.000
    Q101$7            -0.045      0.060     -0.762      0.446
    Q101$8             0.870      0.067     12.895      0.000
    Q101$9             1.738      0.071     24.426      0.000
    Q102$1            -3.537      0.282    -12.539      0.000
    Q102$2            -2.541      0.148    -17.216      0.000
    Q102$3            -1.865      0.113    -16.484      0.000
    Q102$4            -0.900      0.068    -13.143      0.000
    Q102$5             0.063      0.036      1.738      0.082
    Q102$6             0.500      0.062      8.078      0.000
    Q102$7             1.243      0.084     14.834      0.000
    Q102$8             2.308      0.239      9.662      0.000
    Q103$1            -1.861      0.088    -21.137      0.000
    Q103$2            -1.286      0.056    -22.868      0.000
    Q103$3            -0.826      0.059    -13.887      0.000
    Q103$4             0.078      0.047      1.676      0.094
    Q103$5             0.623      0.059     10.504      0.000
    Q103$6             1.023      0.085     12.021      0.000
    Q103$7             1.790      0.137     13.104      0.000
    Q103$8             2.104      0.199     10.580      0.000
    Q104$1            -2.938      0.125    -23.528      0.000
    Q104$2            -1.768      0.082    -21.533      0.000
    Q104$3            -0.851      0.063    -13.531      0.000
    Q104$4            -0.280      0.065     -4.339      0.000
    Q104$5             0.415      0.076      5.499      0.000
    Q104$6             1.113      0.087     12.782      0.000
    Q104$7             1.598      0.132     12.099      0.000
    Q104$8             2.295      0.242      9.483      0.000
    Q106$1            -2.687      0.145    -18.563      0.000
    Q106$2            -2.068      0.106    -19.426      0.000
    Q106$3            -1.407      0.070    -20.091      0.000
    Q106$4            -0.881      0.044    -19.944      0.000
    Q106$5            -0.358      0.044     -8.194      0.000
    Q106$6             0.192      0.050      3.833      0.000
    Q106$7             0.772      0.075     10.308      0.000
    Q106$8             1.658      0.142     11.678      0.000
    Q109$1            -1.524      0.067    -22.724      0.000
    Q109$2            -1.112      0.059    -18.791      0.000
    Q109$3            -0.757      0.065    -11.640      0.000
    Q109$4             0.156      0.079      1.978      0.048
    Q109$5             1.688      0.104     16.287      0.000
    Q109$6             2.577      0.282      9.131      0.000
    Q109$7             3.829      0.389      9.836      0.000
    Q109$8             4.477      0.490      9.144      0.000
    Q110$1            -2.038      0.109    -18.648      0.000
    Q110$2            -1.355      0.071    -19.020      0.000
    Q110$3            -0.698      0.054    -12.857      0.000
    Q110$4            -0.180      0.058     -3.104      0.002
    Q110$5             0.312      0.052      6.012      0.000
    Q110$6             0.750      0.061     12.342      0.000
    Q110$7             1.264      0.048     26.318      0.000
    Q110$8             2.017      0.185     10.906      0.000
    Q115$1            -3.149      0.217    -14.512      0.000
    Q115$2            -2.931      0.171    -17.175      0.000
    Q115$3            -2.610      0.111    -23.506      0.000
    Q115$4            -2.405      0.074    -32.358      0.000
    Q115$5            -1.973      0.077    -25.550      0.000
    Q115$6            -1.533      0.066    -23.249      0.000
    Q115$7            -1.263      0.054    -23.309      0.000
    Q115$8            -0.712      0.054    -13.243      0.000
    Q115$9             0.444      0.056      7.989      0.000
    Q117$1            -2.300      0.155    -14.825      0.000
    Q117$2            -1.410      0.065    -21.766      0.000
    Q117$3            -0.710      0.037    -19.175      0.000
    Q117$4            -0.144      0.052     -2.780      0.005
    Q117$5             0.475      0.060      7.932      0.000
    Q117$6             0.944      0.085     11.091      0.000
    Q117$7             1.425      0.106     13.455      0.000
    Q117$8             1.980      0.168     11.777      0.000

 Variances
    G                  1.000      0.000    999.000    999.000


STDY Standardization

                                                    Two-Tailed
                    Estimate       S.E.  Est./S.E.    P-Value

 G        BY
    Q100               0.883      0.020     44.757      0.000
    Q101               0.701      0.040     17.713      0.000
    Q102               0.590      0.047     12.661      0.000
    Q103               0.688      0.039     17.723      0.000
    Q104               0.679      0.038     17.888      0.000
    Q106               0.680      0.029     23.341      0.000
    Q109               0.529      0.046     11.403      0.000
    Q110               0.910      0.014     65.227      0.000
    Q115               0.663      0.029     23.190      0.000
    Q117               0.726      0.024     30.725      0.000

 Thresholds
    Q100$1            -0.653      0.077     -8.441      0.000
    Q100$2            -0.543      0.073     -7.464      0.000
    Q100$3            -0.361      0.075     -4.827      0.000
    Q100$4            -0.154      0.075     -2.054      0.040
    Q100$5             0.022      0.056      0.384      0.701
    Q100$6             0.262      0.050      5.259      0.000
    Q100$7             0.589      0.049     12.092      0.000
    Q100$8             1.202      0.073     16.350      0.000
    Q100$9             2.124      0.102     20.837      0.000
    Q101$1            -1.672      0.082    -20.486      0.000
    Q101$2            -1.505      0.089    -16.829      0.000
    Q101$3            -1.361      0.083    -16.468      0.000
    Q101$4            -1.096      0.068    -16.106      0.000
    Q101$5            -0.852      0.056    -15.234      0.000
    Q101$6            -0.547      0.051    -10.677      0.000
    Q101$7            -0.045      0.060     -0.762      0.446
    Q101$8             0.870      0.067     12.895      0.000
    Q101$9             1.738      0.071     24.426      0.000
    Q102$1            -3.537      0.282    -12.539      0.000
    Q102$2            -2.541      0.148    -17.216      0.000
    Q102$3            -1.865      0.113    -16.484      0.000
    Q102$4            -0.900      0.068    -13.143      0.000
    Q102$5             0.063      0.036      1.738      0.082
    Q102$6             0.500      0.062      8.078      0.000
    Q102$7             1.243      0.084     14.834      0.000
    Q102$8             2.308      0.239      9.662      0.000
    Q103$1            -1.861      0.088    -21.137      0.000
    Q103$2            -1.286      0.056    -22.868      0.000
    Q103$3            -0.826      0.059    -13.887      0.000
    Q103$4             0.078      0.047      1.676      0.094
    Q103$5             0.623      0.059     10.504      0.000
    Q103$6             1.023      0.085     12.021      0.000
    Q103$7             1.790      0.137     13.104      0.000
    Q103$8             2.104      0.199     10.580      0.000
    Q104$1            -2.938      0.125    -23.528      0.000
    Q104$2            -1.768      0.082    -21.533      0.000
    Q104$3            -0.851      0.063    -13.531      0.000
    Q104$4            -0.280      0.065     -4.339      0.000
    Q104$5             0.415      0.076      5.499      0.000
    Q104$6             1.113      0.087     12.782      0.000
    Q104$7             1.598      0.132     12.099      0.000
    Q104$8             2.295      0.242      9.483      0.000
    Q106$1            -2.687      0.145    -18.563      0.000
    Q106$2            -2.068      0.106    -19.426      0.000
    Q106$3            -1.407      0.070    -20.091      0.000
    Q106$4            -0.881      0.044    -19.944      0.000
    Q106$5            -0.358      0.044     -8.194      0.000
    Q106$6             0.192      0.050      3.833      0.000
    Q106$7             0.772      0.075     10.308      0.000
    Q106$8             1.658      0.142     11.678      0.000
    Q109$1            -1.524      0.067    -22.724      0.000
    Q109$2            -1.112      0.059    -18.791      0.000
    Q109$3            -0.757      0.065    -11.640      0.000
    Q109$4             0.156      0.079      1.978      0.048
    Q109$5             1.688      0.104     16.287      0.000
    Q109$6             2.577      0.282      9.131      0.000
    Q109$7             3.829      0.389      9.836      0.000
    Q109$8             4.477      0.490      9.144      0.000
    Q110$1            -2.038      0.109    -18.648      0.000
    Q110$2            -1.355      0.071    -19.020      0.000
    Q110$3            -0.698      0.054    -12.857      0.000
    Q110$4            -0.180      0.058     -3.104      0.002
    Q110$5             0.312      0.052      6.012      0.000
    Q110$6             0.750      0.061     12.342      0.000
    Q110$7             1.264      0.048     26.318      0.000
    Q110$8             2.017      0.185     10.906      0.000
    Q115$1            -3.149      0.217    -14.512      0.000
    Q115$2            -2.931      0.171    -17.175      0.000
    Q115$3            -2.610      0.111    -23.506      0.000
    Q115$4            -2.405      0.074    -32.358      0.000
    Q115$5            -1.973      0.077    -25.550      0.000
    Q115$6            -1.533      0.066    -23.249      0.000
    Q115$7            -1.263      0.054    -23.309      0.000
    Q115$8            -0.712      0.054    -13.243      0.000
    Q115$9             0.444      0.056      7.989      0.000
    Q117$1            -2.300      0.155    -14.825      0.000
    Q117$2            -1.410      0.065    -21.766      0.000
    Q117$3            -0.710      0.037    -19.175      0.000
    Q117$4            -0.144      0.052     -2.780      0.005
    Q117$5             0.475      0.060      7.932      0.000
    Q117$6             0.944      0.085     11.091      0.000
    Q117$7             1.425      0.106     13.455      0.000
    Q117$8             1.980      0.168     11.777      0.000

 Variances
    G                  1.000      0.000    999.000    999.000


STD Standardization

                                                    Two-Tailed
                    Estimate       S.E.  Est./S.E.    P-Value

 G        BY
    Q100               3.409      0.345      9.875      0.000
    Q101               1.782      0.198      9.013      0.000
    Q102               1.325      0.161      8.254      0.000
    Q103               1.717      0.184      9.345      0.000
    Q104               1.676      0.174      9.652      0.000
    Q106               1.683      0.134     12.540      0.000
    Q109               1.130      0.137      8.216      0.000
    Q110               3.993      0.358     11.158      0.000
    Q115               1.607      0.124     12.989      0.000
    Q117               1.916      0.132     14.522      0.000

 Thresholds
    Q100$1            -2.522      0.345     -7.301      0.000
    Q100$2            -2.096      0.305     -6.877      0.000
    Q100$3            -1.393      0.297     -4.696      0.000
    Q100$4            -0.594      0.286     -2.075      0.038
    Q100$5             0.083      0.218      0.382      0.702
    Q100$6             1.010      0.212      4.773      0.000
    Q100$7             2.275      0.211     10.762      0.000
    Q100$8             4.640      0.409     11.356      0.000
    Q100$9             8.202      0.796     10.303      0.000
    Q101$1            -4.251      0.290    -14.658      0.000
    Q101$2            -3.828      0.307    -12.487      0.000
    Q101$3            -3.460      0.286    -12.080      0.000
    Q101$4            -2.786      0.205    -13.575      0.000
    Q101$5            -2.165      0.156    -13.909      0.000
    Q101$6            -1.391      0.126    -11.042      0.000
    Q101$7            -0.115      0.149     -0.774      0.439
    Q101$8             2.211      0.208     10.609      0.000
    Q101$9             4.419      0.356     12.397      0.000
    Q102$1            -7.946      0.694    -11.454      0.000
    Q102$2            -5.708      0.319    -17.920      0.000
    Q102$3            -4.190      0.294    -14.267      0.000
    Q102$4            -2.022      0.175    -11.578      0.000
    Q102$5             0.142      0.080      1.771      0.077
    Q102$6             1.122      0.129      8.689      0.000
    Q102$7             2.791      0.207     13.464      0.000
    Q102$8             5.186      0.513     10.118      0.000
    Q103$1            -4.649      0.309    -15.042      0.000
    Q103$2            -3.212      0.223    -14.437      0.000
    Q103$3            -2.064      0.169    -12.197      0.000
    Q103$4             0.195      0.116      1.683      0.092
    Q103$5             1.556      0.164      9.486      0.000
    Q103$6             2.556      0.212     12.065      0.000
    Q103$7             4.470      0.383     11.671      0.000
    Q103$8             5.254      0.520     10.109      0.000
    Q104$1            -7.255      0.394    -18.412      0.000
    Q104$2            -4.365      0.250    -17.455      0.000
    Q104$3            -2.101      0.155    -13.514      0.000
    Q104$4            -0.693      0.150     -4.615      0.000
    Q104$5             1.025      0.186      5.515      0.000
    Q104$6             2.747      0.212     12.973      0.000
    Q104$7             3.947      0.319     12.382      0.000
    Q104$8             5.668      0.618      9.166      0.000
    Q106$1            -6.649      0.328    -20.266      0.000
    Q106$2            -5.116      0.240    -21.275      0.000
    Q106$3            -3.482      0.167    -20.909      0.000
    Q106$4            -2.180      0.117    -18.664      0.000
    Q106$5            -0.886      0.099     -8.932      0.000
    Q106$6             0.475      0.129      3.693      0.000
    Q106$7             1.911      0.200      9.540      0.000
    Q106$8             4.102      0.359     11.433      0.000
    Q109$1            -3.257      0.142    -22.944      0.000
    Q109$2            -2.377      0.136    -17.426      0.000
    Q109$3            -1.617      0.138    -11.752      0.000
    Q109$4             0.332      0.169      1.972      0.049
    Q109$5             3.606      0.306     11.771      0.000
    Q109$6             5.507      0.675      8.158      0.000
    Q109$7             8.182      0.756     10.822      0.000
    Q109$8             9.566      0.985      9.717      0.000
    Q110$1            -8.936      0.914     -9.781      0.000
    Q110$2            -5.943      0.582    -10.220      0.000
    Q110$3            -3.063      0.322     -9.510      0.000
    Q110$4            -0.791      0.256     -3.088      0.002
    Q110$5             1.368      0.256      5.348      0.000
    Q110$6             3.288      0.265     12.400      0.000
    Q110$7             5.543      0.410     13.529      0.000
    Q110$8             8.843      0.823     10.750      0.000
    Q115$1            -7.633      0.665    -11.486      0.000
    Q115$2            -7.103      0.515    -13.779      0.000
    Q115$3            -6.324      0.358    -17.643      0.000
    Q115$4            -5.829      0.233    -25.016      0.000
    Q115$5            -4.783      0.217    -22.029      0.000
    Q115$6            -3.715      0.192    -19.336      0.000
    Q115$7            -3.061      0.179    -17.102      0.000
    Q115$8            -1.725      0.141    -12.223      0.000
    Q115$9             1.075      0.137      7.827      0.000
    Q117$1            -6.069      0.471    -12.883      0.000
    Q117$2            -3.721      0.176    -21.098      0.000
    Q117$3            -1.873      0.092    -20.453      0.000
    Q117$4            -0.380      0.137     -2.779      0.005
    Q117$5             1.253      0.154      8.129      0.000
    Q117$6             2.490      0.238     10.446      0.000
    Q117$7             3.758      0.281     13.375      0.000
    Q117$8             5.225      0.417     12.542      0.000

 Variances
    G                  1.000      0.000    999.000    999.000


R-SQUARE

    Observed                                        Two-Tailed
    Variable        Estimate       S.E.  Est./S.E.    P-Value

    Q100               0.779      0.035     22.379      0.000
    Q101               0.491      0.055      8.857      0.000
    Q102               0.348      0.055      6.330      0.000
    Q103               0.473      0.053      8.862      0.000
    Q104               0.460      0.051      8.944      0.000
    Q106               0.463      0.040     11.670      0.000
    Q109               0.279      0.049      5.701      0.000
    Q110               0.829      0.025     32.613      0.000
    Q115               0.440      0.038     11.595      0.000
    Q117               0.527      0.034     15.363      0.000


     Beginning Time:  11:39:38
        Ending Time:  11:39:39
       Elapsed Time:  00:00:01



MUTHEN & MUTHEN
3463 Stoner Ave.
Los Angeles, CA  90066

Tel: (310) 391-9971
Fax: (310) 391-8971
Web: www.StatModel.com
Support: Support@StatModel.com

Copyright (c) 1998-2023 Muthen & Muthen
