Mplus VERSION 8.5 (Mac)
MUTHEN & MUTHEN
05/25/2022  10:43 AM

INPUT INSTRUCTIONS

  DATA:
  FILE = "link-01-ADAMS-uni-mlr-GCPv2b.dat";

  VARIABLE:
  NAMES = mplusid AASAMPWT_F SECLUST SESTRAT Q100 Q101 Q102 Q103 Q105 Q106 Q109 Q110
       Q115 Q118 Q119 Q120;
   MISSING=.;
   CATEGORICAL ARE all; idvariable = mplusid;
    cluster = SECLUST ; weight is AASAMPWT_F; stratification is SESTRAT;
  ANALYSIS:
  type = complex; estimator = mlr; COVERAGE = 0;
  MODEL:
  g by Q100*;
   g by Q101*;
   g by Q102*;
   g by Q103*;
   g by Q105*;
   g by Q106*;
   g by Q109*;
   g by Q110*;
   g by Q115*;
   g by Q118*;
   g by Q119*;
   g by Q120*;
   g @ 1;

  OUTPUT:
  standardized;



*** WARNING
  Clusters with the same IDs have been found in different strata.  These
  clusters are assumed to be different because clusters are not allowed
  to appear in more than one stratum.
*** WARNING
  Data set contains cases with missing on all variables.
  These cases were not included in the analysis.
  Number of cases with missing on all variables:  37
   2 WARNING(S) FOUND IN THE INPUT INSTRUCTIONS




SUMMARY OF ANALYSIS

Number of groups                                                 1
Number of observations                                         819

Number of dependent variables                                   12
Number of independent variables                                  0
Number of continuous latent variables                            1

Observed dependent variables

  Binary and ordered categorical (ordinal)
   Q100        Q101        Q102        Q103        Q105        Q106
   Q109        Q110        Q115        Q118        Q119        Q120

Continuous latent variables
   G

Variables with special functions

  Stratification        SESTRAT
  Cluster variable      SECLUST
  Weight variable       AASAMPWT
  ID variable           MPLUSID

Estimator                                                      MLR
Information matrix                                        OBSERVED
Optimization Specifications for the Quasi-Newton Algorithm for
Continuous Outcomes
  Maximum number of iterations                                 100
  Convergence criterion                                  0.100D-05
Optimization Specifications for the EM Algorithm
  Maximum number of iterations                                 500
  Convergence criteria
    Loglikelihood change                                 0.100D-02
    Relative loglikelihood change                        0.100D-05
    Derivative                                           0.100D-02
Optimization Specifications for the M step of the EM Algorithm for
Categorical Latent variables
  Number of M step iterations                                    1
  M step convergence criterion                           0.100D-02
  Basis for M step termination                           ITERATION
Optimization Specifications for the M step of the EM Algorithm for
Censored, Binary or Ordered Categorical (Ordinal), Unordered
Categorical (Nominal) and Count Outcomes
  Number of M step iterations                                    1
  M step convergence criterion                           0.100D-02
  Basis for M step termination                           ITERATION
  Maximum value for logit thresholds                            15
  Minimum value for logit thresholds                           -15
  Minimum expected cell size for chi-square              0.100D-01
Maximum number of iterations for H1                           2000
Convergence criterion for H1                             0.100D-03
Optimization algorithm                                         EMA
Integration Specifications
  Type                                                    STANDARD
  Number of integration points                                  15
  Dimensions of numerical integration                            1
  Adaptive quadrature                                           ON
Link                                                         LOGIT
Cholesky                                                        ON

Input data file(s)
  link-01-ADAMS-uni-mlr-GCPv2b.dat
Input data format  FREE


SUMMARY OF DATA

     Number of missing data patterns            56
     Number of y missing data patterns           0
     Number of u missing data patterns          56
     Number of strata                           26
     Number of clusters                         52


COVARIANCE COVERAGE OF DATA

Minimum covariance coverage value   0.000


     PROPORTION OF DATA PRESENT FOR U


           Covariance Coverage
              Q100          Q101          Q102          Q103          Q105
              ________      ________      ________      ________      ________
 Q100           0.452
 Q101           0.452         0.840
 Q102           0.446         0.795         0.906
 Q103           0.446         0.794         0.891         0.891
 Q105           0.452         0.834         0.884         0.875         0.965
 Q106           0.451         0.835         0.894         0.884         0.951
 Q109           0.449         0.825         0.873         0.866         0.928
 Q110           0.424         0.641         0.647         0.647         0.646
 Q115           0.449         0.828         0.889         0.877         0.947
 Q118           0.444         0.764         0.807         0.806         0.821
 Q119           0.444         0.764         0.807         0.806         0.821
 Q120           0.444         0.764         0.807         0.806         0.821


           Covariance Coverage
              Q106          Q109          Q110          Q115          Q118
              ________      ________      ________      ________      ________
 Q106           0.966
 Q109           0.934         0.934
 Q110           0.647         0.647         0.648
 Q115           0.950         0.924         0.648         0.978
 Q118           0.821         0.817         0.636         0.812         0.822
 Q119           0.821         0.817         0.636         0.812         0.822
 Q120           0.821         0.817         0.636         0.812         0.822


           Covariance Coverage
              Q119          Q120
              ________      ________
 Q119           0.822
 Q120           0.822         0.822


UNIVARIATE PROPORTIONS AND COUNTS FOR CATEGORICAL VARIABLES

    Q100
      Category 1    0.093           55.623
      Category 2    0.026           15.368
      Category 3    0.053           31.983
      Category 4    0.077           45.840
      Category 5    0.073           43.989
      Category 6    0.112           66.850
      Category 7    0.168          100.713
      Category 8    0.263          157.326
      Category 9    0.127           75.950
      Category 10    0.008            5.066
    Q101
      Category 1    0.040           31.364
      Category 2    0.014           11.224
      Category 3    0.016           12.370
      Category 4    0.037           28.842
      Category 5    0.046           35.772
      Category 6    0.079           62.134
      Category 7    0.181          141.692
      Category 8    0.377          294.401
      Category 9    0.174          135.755
      Category 10    0.036           28.045
    Q102
      Category 1    0.001            0.786
      Category 2    0.007            5.785
      Category 3    0.023           17.898
      Category 4    0.125           97.281
      Category 5    0.338          263.715
      Category 6    0.189          147.634
      Category 7    0.220          171.364
      Category 8    0.086           66.887
      Category 9    0.011            8.233
    Q103
      Category 1    0.032           24.755
      Category 2    0.053           40.817
      Category 3    0.085           65.538
      Category 4    0.324          251.245
      Category 5    0.232          179.931
      Category 6    0.129           99.659
      Category 7    0.115           89.221
      Category 8    0.016           12.081
      Category 9    0.015           11.246
    Q105
      Category 1    0.004            3.024
      Category 2    0.037           30.286
      Category 3    0.136          110.296
      Category 4    0.185          149.566
      Category 5    0.291          235.646
      Category 6    0.224          181.442
      Category 7    0.076           61.490
      Category 8    0.038           30.620
      Category 9    0.009            7.563
    Q106
      Category 1    0.007            5.684
      Category 2    0.018           14.417
      Category 3    0.055           44.548
      Category 4    0.089           72.016
      Category 5    0.149          120.825
      Category 6    0.222          179.661
      Category 7    0.239          193.199
      Category 8    0.182          147.641
      Category 9    0.039           31.383
    Q109
      Category 1    0.059           47.290
      Category 2    0.054           43.193
      Category 3    0.074           59.730
      Category 4    0.345          276.958
      Category 5    0.426          341.687
      Category 6    0.035           28.098
      Category 7    0.006            4.825
      Category 8    0.000            0.268
      Category 9    0.000            0.090
    Q110
      Category 1    0.007            5.119
      Category 2    0.036           24.911
      Category 3    0.110           77.134
      Category 4    0.172          119.899
      Category 5    0.215          150.104
      Category 6    0.194          135.542
      Category 7    0.173          120.478
      Category 8    0.085           59.364
      Category 9    0.008            5.746
    Q115
      Category 1    0.003            2.152
      Category 2    0.002            1.392
      Category 3    0.004            3.601
      Category 4    0.005            3.807
      Category 5    0.018           14.422
      Category 6    0.035           28.875
      Category 7    0.035           28.553
      Category 8    0.113           92.286
      Category 9    0.445          361.952
      Category 10    0.340          276.822
    Q118
      Category 1    0.018           13.877
      Category 2    0.048           36.550
      Category 3    0.157          119.298
      Category 4    0.158          119.988
      Category 5    0.249          189.907
      Category 6    0.214          162.984
      Category 7    0.119           90.430
      Category 8    0.027           20.690
      Category 9    0.011            8.031
    Q119
      Category 1    0.018           13.632
      Category 2    0.069           52.823
      Category 3    0.112           85.391
      Category 4    0.244          186.003
      Category 5    0.295          224.952
      Category 6    0.159          121.242
      Category 7    0.054           41.417
      Category 8    0.021           16.354
      Category 9    0.026           19.941
    Q120
      Category 1    0.036           27.652
      Category 2    0.060           45.383
      Category 3    0.093           71.026
      Category 4    0.277          211.023
      Category 5    0.170          129.730
      Category 6    0.156          118.716
      Category 7    0.123           93.558
      Category 8    0.045           34.355
      Category 9    0.040           30.312



THE MODEL ESTIMATION TERMINATED NORMALLY

     THE CHI-SQUARE TEST CANNOT BE COMPUTED BECAUSE THE FREQUENCY TABLE FOR THE
     CATEGORICAL VARIABLES IS TOO LARGE.




MODEL FIT INFORMATION

Number of Free Parameters                      111

Loglikelihood

          H0 Value                      -14520.300
          H0 Scaling Correction Factor      1.7480
            for MLR

Information Criteria

          Akaike (AIC)                   29262.600
          Bayesian (BIC)                 29785.197
          Sample-Size Adjusted BIC       29432.704
            (n* = (n + 2) / 24)



MODEL RESULTS

                                                    Two-Tailed
                    Estimate       S.E.  Est./S.E.    P-Value

 G        BY
    Q100               2.326      0.334      6.963      0.000
    Q101               1.536      0.183      8.404      0.000
    Q102               1.446      0.170      8.484      0.000
    Q103               1.834      0.173     10.622      0.000
    Q105               1.649      0.155     10.661      0.000
    Q106               1.616      0.131     12.297      0.000
    Q109               1.085      0.128      8.506      0.000
    Q110               2.928      0.295      9.938      0.000
    Q115               1.434      0.127     11.310      0.000
    Q118               2.553      0.269      9.488      0.000
    Q119               2.260      0.295      7.670      0.000
    Q120               2.466      0.308      8.006      0.000

 Thresholds
    Q100$1            -2.190      0.263     -8.343      0.000
    Q100$2            -1.836      0.237     -7.756      0.000
    Q100$3            -1.269      0.242     -5.242      0.000
    Q100$4            -0.633      0.244     -2.592      0.010
    Q100$5            -0.102      0.196     -0.519      0.604
    Q100$6             0.619      0.203      3.054      0.002
    Q100$7             1.626      0.222      7.329      0.000
    Q100$8             3.555      0.370      9.610      0.000
    Q100$9             6.694      0.668     10.018      0.000
    Q101$1            -3.990      0.249    -16.020      0.000
    Q101$2            -3.590      0.260    -13.796      0.000
    Q101$3            -3.243      0.243    -13.338      0.000
    Q101$4            -2.612      0.169    -15.475      0.000
    Q101$5            -2.035      0.131    -15.545      0.000
    Q101$6            -1.310      0.112    -11.730      0.000
    Q101$7            -0.121      0.138     -0.879      0.380
    Q101$8             2.043      0.185     11.017      0.000
    Q101$9             4.164      0.334     12.456      0.000
    Q102$1            -8.157      0.706    -11.559      0.000
    Q102$2            -5.895      0.339    -17.389      0.000
    Q102$3            -4.341      0.323    -13.461      0.000
    Q102$4            -2.081      0.179    -11.598      0.000
    Q102$5             0.167      0.081      2.066      0.039
    Q102$6             1.171      0.129      9.057      0.000
    Q102$7             2.869      0.216     13.271      0.000
    Q102$8             5.295      0.518     10.222      0.000
    Q103$1            -4.801      0.327    -14.698      0.000
    Q103$2            -3.302      0.218    -15.174      0.000
    Q103$3            -2.115      0.176    -12.018      0.000
    Q103$4             0.213      0.123      1.735      0.083
    Q103$5             1.600      0.167      9.579      0.000
    Q103$6             2.626      0.218     12.025      0.000
    Q103$7             4.596      0.398     11.557      0.000
    Q103$8             5.387      0.535     10.077      0.000
    Q105$1            -7.216      0.382    -18.887      0.000
    Q105$2            -4.342      0.243    -17.875      0.000
    Q105$3            -2.085      0.165    -12.634      0.000
    Q105$4            -0.685      0.152     -4.502      0.000
    Q105$5             1.015      0.185      5.482      0.000
    Q105$6             2.715      0.200     13.547      0.000
    Q105$7             3.901      0.299     13.040      0.000
    Q105$8             5.625      0.596      9.440      0.000
    Q106$1            -6.543      0.364    -17.985      0.000
    Q106$2            -5.034      0.262    -19.233      0.000
    Q106$3            -3.426      0.149    -23.004      0.000
    Q106$4            -2.145      0.107    -20.024      0.000
    Q106$5            -0.871      0.096     -9.033      0.000
    Q106$6             0.460      0.128      3.604      0.000
    Q106$7             1.862      0.194      9.580      0.000
    Q106$8             4.031      0.336     12.005      0.000
    Q109$1            -3.226      0.135    -23.819      0.000
    Q109$2            -2.361      0.139    -17.032      0.000
    Q109$3            -1.613      0.138    -11.684      0.000
    Q109$4             0.313      0.165      1.903      0.057
    Q109$5             3.568      0.291     12.258      0.000
    Q109$6             5.469      0.666      8.207      0.000
    Q109$7             8.144      0.759     10.729      0.000
    Q109$8             9.528      0.980      9.721      0.000
    Q110$1            -7.205      0.573    -12.564      0.000
    Q110$2            -4.769      0.386    -12.355      0.000
    Q110$3            -2.500      0.202    -12.359      0.000
    Q110$4            -0.692      0.202     -3.435      0.001
    Q110$5             1.035      0.205      5.060      0.000
    Q110$6             2.568      0.266      9.669      0.000
    Q110$7             4.404      0.329     13.375      0.000
    Q110$8             7.248      0.774      9.359      0.000
    Q115$1            -7.293      0.619    -11.784      0.000
    Q115$2            -6.770      0.467    -14.494      0.000
    Q115$3            -6.010      0.319    -18.819      0.000
    Q115$4            -5.530      0.204    -27.072      0.000
    Q115$5            -4.529      0.202    -22.384      0.000
    Q115$6            -3.520      0.172    -20.500      0.000
    Q115$7            -2.898      0.174    -16.628      0.000
    Q115$8            -1.635      0.132    -12.409      0.000
    Q115$9             1.018      0.129      7.878      0.000
    Q118$1            -6.387      0.470    -13.602      0.000
    Q118$2            -4.293      0.331    -12.963      0.000
    Q118$3            -1.774      0.182     -9.737      0.000
    Q118$4            -0.392      0.178     -2.201      0.028
    Q118$5             1.376      0.175      7.885      0.000
    Q118$6             3.171      0.256     12.392      0.000
    Q118$7             5.122      0.366     13.990      0.000
    Q118$8             6.529      0.464     14.084      0.000
    Q119$1            -5.857      0.403    -14.527      0.000
    Q119$2            -3.491      0.285    -12.241      0.000
    Q119$3            -1.973      0.166    -11.893      0.000
    Q119$4             0.008      0.174      0.045      0.964
    Q119$5             2.013      0.222      9.049      0.000
    Q119$6             3.530      0.310     11.395      0.000
    Q119$7             4.484      0.366     12.255      0.000
    Q119$8             5.180      0.430     12.050      0.000
    Q120$1            -5.254      0.475    -11.052      0.000
    Q120$2            -3.538      0.312    -11.332      0.000
    Q120$3            -2.081      0.163    -12.794      0.000
    Q120$4             0.279      0.168      1.656      0.098
    Q120$5             1.428      0.193      7.419      0.000
    Q120$6             2.598      0.266      9.785      0.000
    Q120$7             3.959      0.375     10.565      0.000
    Q120$8             4.930      0.466     10.576      0.000

 Variances
    G                  1.000      0.000    999.000    999.000


RESULTS IN PROBABILITY SCALE

                    Estimate

 Q100
    Category 1         0.226
    Category 2         0.038
    Category 3         0.067
    Category 4         0.083
    Category 5         0.072
    Category 6         0.099
    Category 7         0.128
    Category 8         0.176
    Category 9         0.099
    Category 10        0.012
 Q101
    Category 1         0.046
    Category 2         0.017
    Category 3         0.019
    Category 4         0.047
    Category 5         0.059
    Category 6         0.095
    Category 7         0.195
    Category 8         0.334
    Category 9         0.148
    Category 10        0.040
 Q102
    Category 1         0.001
    Category 2         0.007
    Category 3         0.024
    Category 4         0.146
    Category 5         0.353
    Category 6         0.170
    Category 7         0.197
    Category 8         0.090
    Category 9         0.013
 Q103
    Category 1         0.032
    Category 2         0.065
    Category 3         0.104
    Category 4         0.333
    Category 5         0.204
    Category 6         0.113
    Category 7         0.112
    Category 8         0.018
    Category 9         0.019
 Q105
    Category 1         0.003
    Category 2         0.035
    Category 3         0.153
    Category 4         0.195
    Category 5         0.280
    Category 6         0.206
    Category 7         0.074
    Category 8         0.042
    Category 9         0.012
 Q106
    Category 1         0.005
    Category 2         0.015
    Category 3         0.056
    Category 4         0.106
    Category 5         0.173
    Category 6         0.223
    Category 7         0.207
    Category 8         0.167
    Category 9         0.048
 Q109
    Category 1         0.060
    Category 2         0.063
    Category 3         0.088
    Category 4         0.352
    Category 5         0.393
    Category 6         0.037
    Category 7         0.007
    Category 8         0.000
    Category 9         0.000
 Q110
    Category 1         0.019
    Category 2         0.064
    Category 3         0.150
    Category 4         0.187
    Category 5         0.200
    Category 6         0.155
    Category 7         0.127
    Category 8         0.081
    Category 9         0.018
 Q115
    Category 1         0.002
    Category 2         0.001
    Category 3         0.003
    Category 4         0.004
    Category 5         0.016
    Category 6         0.036
    Category 7         0.038
    Category 8         0.131
    Category 9         0.446
    Category 10        0.323
 Q118
    Category 1         0.021
    Category 2         0.063
    Category 3         0.199
    Category 4         0.166
    Category 5         0.222
    Category 6         0.175
    Category 7         0.103
    Category 8         0.031
    Category 9         0.019
 Q119
    Category 1         0.022
    Category 2         0.090
    Category 3         0.133
    Category 4         0.257
    Category 5         0.259
    Category 6         0.131
    Category 7         0.049
    Category 8         0.023
    Category 9         0.037
 Q120
    Category 1         0.043
    Category 2         0.079
    Category 3         0.124
    Category 4         0.291
    Category 5         0.145
    Category 6         0.123
    Category 7         0.099
    Category 8         0.043
    Category 9         0.053


STANDARDIZED MODEL RESULTS


STDYX Standardization

                                                    Two-Tailed
                    Estimate       S.E.  Est./S.E.    P-Value

 G        BY
    Q100               0.789      0.043     18.418      0.000
    Q101               0.646      0.045     14.428      0.000
    Q102               0.623      0.045     13.876      0.000
    Q103               0.711      0.033     21.486      0.000
    Q105               0.673      0.035     19.475      0.000
    Q106               0.665      0.030     22.055      0.000
    Q109               0.513      0.044     11.549      0.000
    Q110               0.850      0.024     35.836      0.000
    Q115               0.620      0.034     18.377      0.000
    Q118               0.815      0.029     28.286      0.000
    Q119               0.780      0.040     19.581      0.000
    Q120               0.806      0.035     22.803      0.000

 Thresholds
    Q100$1            -0.742      0.084     -8.879      0.000
    Q100$2            -0.623      0.085     -7.348      0.000
    Q100$3            -0.430      0.094     -4.579      0.000
    Q100$4            -0.215      0.091     -2.361      0.018
    Q100$5            -0.035      0.068     -0.507      0.612
    Q100$6             0.210      0.059      3.573      0.000
    Q100$7             0.551      0.053     10.415      0.000
    Q100$8             1.205      0.082     14.745      0.000
    Q100$9             2.269      0.124     18.297      0.000
    Q101$1            -1.679      0.082    -20.476      0.000
    Q101$2            -1.511      0.089    -16.975      0.000
    Q101$3            -1.365      0.081    -16.831      0.000
    Q101$4            -1.099      0.067    -16.290      0.000
    Q101$5            -0.856      0.056    -15.283      0.000
    Q101$6            -0.551      0.050    -10.920      0.000
    Q101$7            -0.051      0.059     -0.863      0.388
    Q101$8             0.860      0.068     12.633      0.000
    Q101$9             1.752      0.074     23.780      0.000
    Q102$1            -3.516      0.280    -12.561      0.000
    Q102$2            -2.541      0.146    -17.357      0.000
    Q102$3            -1.872      0.114    -16.423      0.000
    Q102$4            -0.897      0.069    -12.945      0.000
    Q102$5             0.072      0.036      2.006      0.045
    Q102$6             0.505      0.062      8.107      0.000
    Q102$7             1.237      0.082     15.014      0.000
    Q102$8             2.283      0.235      9.703      0.000
    Q103$1            -1.861      0.086    -21.603      0.000
    Q103$2            -1.280      0.055    -23.207      0.000
    Q103$3            -0.820      0.059    -13.815      0.000
    Q103$4             0.082      0.048      1.724      0.085
    Q103$5             0.620      0.060     10.378      0.000
    Q103$6             1.018      0.083     12.291      0.000
    Q103$7             1.781      0.131     13.607      0.000
    Q103$8             2.088      0.192     10.877      0.000
    Q105$1            -2.944      0.124    -23.699      0.000
    Q105$2            -1.771      0.083    -21.426      0.000
    Q105$3            -0.851      0.063    -13.473      0.000
    Q105$4            -0.279      0.064     -4.364      0.000
    Q105$5             0.414      0.076      5.427      0.000
    Q105$6             1.107      0.088     12.531      0.000
    Q105$7             1.591      0.131     12.133      0.000
    Q105$8             2.294      0.241      9.504      0.000
    Q106$1            -2.694      0.146    -18.397      0.000
    Q106$2            -2.073      0.108    -19.125      0.000
    Q106$3            -1.410      0.068    -20.640      0.000
    Q106$4            -0.883      0.044    -20.269      0.000
    Q106$5            -0.359      0.043     -8.289      0.000
    Q106$6             0.189      0.051      3.724      0.000
    Q106$7             0.766      0.075     10.165      0.000
    Q106$8             1.660      0.143     11.572      0.000
    Q109$1            -1.526      0.067    -22.719      0.000
    Q109$2            -1.117      0.059    -19.023      0.000
    Q109$3            -0.763      0.064    -11.933      0.000
    Q109$4             0.148      0.078      1.905      0.057
    Q109$5             1.688      0.105     16.022      0.000
    Q109$6             2.588      0.287      9.009      0.000
    Q109$7             3.853      0.390      9.880      0.000
    Q109$8             4.508      0.495      9.108      0.000
    Q110$1            -2.092      0.127    -16.421      0.000
    Q110$2            -1.385      0.073    -18.920      0.000
    Q110$3            -0.726      0.058    -12.436      0.000
    Q110$4            -0.201      0.059     -3.430      0.001
    Q110$5             0.301      0.052      5.811      0.000
    Q110$6             0.746      0.061     12.291      0.000
    Q110$7             1.279      0.052     24.785      0.000
    Q110$8             2.104      0.217      9.684      0.000
    Q115$1            -3.154      0.225    -14.020      0.000
    Q115$2            -2.928      0.176    -16.680      0.000
    Q115$3            -2.599      0.113    -23.008      0.000
    Q115$4            -2.392      0.073    -32.738      0.000
    Q115$5            -1.959      0.076    -25.869      0.000
    Q115$6            -1.522      0.064    -23.707      0.000
    Q115$7            -1.253      0.054    -23.287      0.000
    Q115$8            -0.707      0.051    -13.760      0.000
    Q115$9             0.440      0.055      8.047      0.000
    Q118$1            -2.039      0.076    -26.718      0.000
    Q118$2            -1.371      0.075    -18.215      0.000
    Q118$3            -0.567      0.049    -11.551      0.000
    Q118$4            -0.125      0.058     -2.178      0.029
    Q118$5             0.439      0.053      8.217      0.000
    Q118$6             1.013      0.076     13.377      0.000
    Q118$7             1.636      0.127     12.893      0.000
    Q118$8             2.085      0.202     10.323      0.000
    Q119$1            -2.021      0.102    -19.820      0.000
    Q119$2            -1.205      0.087    -13.816      0.000
    Q119$3            -0.681      0.058    -11.696      0.000
    Q119$4             0.003      0.060      0.045      0.964
    Q119$5             0.695      0.062     11.243      0.000
    Q119$6             1.218      0.097     12.521      0.000
    Q119$7             1.547      0.120     12.892      0.000
    Q119$8             1.787      0.144     12.420      0.000
    Q120$1            -1.716      0.102    -16.880      0.000
    Q120$2            -1.156      0.065    -17.748      0.000
    Q120$3            -0.680      0.044    -15.363      0.000
    Q120$4             0.091      0.054      1.692      0.091
    Q120$5             0.467      0.063      7.392      0.000
    Q120$6             0.849      0.076     11.180      0.000
    Q120$7             1.293      0.107     12.065      0.000
    Q120$8             1.610      0.111     14.478      0.000

 Variances
    G                  1.000      0.000    999.000    999.000


STDY Standardization

                                                    Two-Tailed
                    Estimate       S.E.  Est./S.E.    P-Value

 G        BY
    Q100               0.789      0.043     18.418      0.000
    Q101               0.646      0.045     14.428      0.000
    Q102               0.623      0.045     13.876      0.000
    Q103               0.711      0.033     21.486      0.000
    Q105               0.673      0.035     19.475      0.000
    Q106               0.665      0.030     22.055      0.000
    Q109               0.513      0.044     11.549      0.000
    Q110               0.850      0.024     35.836      0.000
    Q115               0.620      0.034     18.377      0.000
    Q118               0.815      0.029     28.286      0.000
    Q119               0.780      0.040     19.581      0.000
    Q120               0.806      0.035     22.803      0.000

 Thresholds
    Q100$1            -0.742      0.084     -8.879      0.000
    Q100$2            -0.623      0.085     -7.348      0.000
    Q100$3            -0.430      0.094     -4.579      0.000
    Q100$4            -0.215      0.091     -2.361      0.018
    Q100$5            -0.035      0.068     -0.507      0.612
    Q100$6             0.210      0.059      3.573      0.000
    Q100$7             0.551      0.053     10.415      0.000
    Q100$8             1.205      0.082     14.745      0.000
    Q100$9             2.269      0.124     18.297      0.000
    Q101$1            -1.679      0.082    -20.476      0.000
    Q101$2            -1.511      0.089    -16.975      0.000
    Q101$3            -1.365      0.081    -16.831      0.000
    Q101$4            -1.099      0.067    -16.290      0.000
    Q101$5            -0.856      0.056    -15.283      0.000
    Q101$6            -0.551      0.050    -10.920      0.000
    Q101$7            -0.051      0.059     -0.863      0.388
    Q101$8             0.860      0.068     12.633      0.000
    Q101$9             1.752      0.074     23.780      0.000
    Q102$1            -3.516      0.280    -12.561      0.000
    Q102$2            -2.541      0.146    -17.357      0.000
    Q102$3            -1.872      0.114    -16.423      0.000
    Q102$4            -0.897      0.069    -12.945      0.000
    Q102$5             0.072      0.036      2.006      0.045
    Q102$6             0.505      0.062      8.107      0.000
    Q102$7             1.237      0.082     15.014      0.000
    Q102$8             2.283      0.235      9.703      0.000
    Q103$1            -1.861      0.086    -21.603      0.000
    Q103$2            -1.280      0.055    -23.207      0.000
    Q103$3            -0.820      0.059    -13.815      0.000
    Q103$4             0.082      0.048      1.724      0.085
    Q103$5             0.620      0.060     10.378      0.000
    Q103$6             1.018      0.083     12.291      0.000
    Q103$7             1.781      0.131     13.607      0.000
    Q103$8             2.088      0.192     10.877      0.000
    Q105$1            -2.944      0.124    -23.699      0.000
    Q105$2            -1.771      0.083    -21.426      0.000
    Q105$3            -0.851      0.063    -13.473      0.000
    Q105$4            -0.279      0.064     -4.364      0.000
    Q105$5             0.414      0.076      5.427      0.000
    Q105$6             1.107      0.088     12.531      0.000
    Q105$7             1.591      0.131     12.133      0.000
    Q105$8             2.294      0.241      9.504      0.000
    Q106$1            -2.694      0.146    -18.397      0.000
    Q106$2            -2.073      0.108    -19.125      0.000
    Q106$3            -1.410      0.068    -20.640      0.000
    Q106$4            -0.883      0.044    -20.269      0.000
    Q106$5            -0.359      0.043     -8.289      0.000
    Q106$6             0.189      0.051      3.724      0.000
    Q106$7             0.766      0.075     10.165      0.000
    Q106$8             1.660      0.143     11.572      0.000
    Q109$1            -1.526      0.067    -22.719      0.000
    Q109$2            -1.117      0.059    -19.023      0.000
    Q109$3            -0.763      0.064    -11.933      0.000
    Q109$4             0.148      0.078      1.905      0.057
    Q109$5             1.688      0.105     16.022      0.000
    Q109$6             2.588      0.287      9.009      0.000
    Q109$7             3.853      0.390      9.880      0.000
    Q109$8             4.508      0.495      9.108      0.000
    Q110$1            -2.092      0.127    -16.421      0.000
    Q110$2            -1.385      0.073    -18.920      0.000
    Q110$3            -0.726      0.058    -12.436      0.000
    Q110$4            -0.201      0.059     -3.430      0.001
    Q110$5             0.301      0.052      5.811      0.000
    Q110$6             0.746      0.061     12.291      0.000
    Q110$7             1.279      0.052     24.785      0.000
    Q110$8             2.104      0.217      9.684      0.000
    Q115$1            -3.154      0.225    -14.020      0.000
    Q115$2            -2.928      0.176    -16.680      0.000
    Q115$3            -2.599      0.113    -23.008      0.000
    Q115$4            -2.392      0.073    -32.738      0.000
    Q115$5            -1.959      0.076    -25.869      0.000
    Q115$6            -1.522      0.064    -23.707      0.000
    Q115$7            -1.253      0.054    -23.287      0.000
    Q115$8            -0.707      0.051    -13.760      0.000
    Q115$9             0.440      0.055      8.047      0.000
    Q118$1            -2.039      0.076    -26.718      0.000
    Q118$2            -1.371      0.075    -18.215      0.000
    Q118$3            -0.567      0.049    -11.551      0.000
    Q118$4            -0.125      0.058     -2.178      0.029
    Q118$5             0.439      0.053      8.217      0.000
    Q118$6             1.013      0.076     13.377      0.000
    Q118$7             1.636      0.127     12.893      0.000
    Q118$8             2.085      0.202     10.323      0.000
    Q119$1            -2.021      0.102    -19.820      0.000
    Q119$2            -1.205      0.087    -13.816      0.000
    Q119$3            -0.681      0.058    -11.696      0.000
    Q119$4             0.003      0.060      0.045      0.964
    Q119$5             0.695      0.062     11.243      0.000
    Q119$6             1.218      0.097     12.521      0.000
    Q119$7             1.547      0.120     12.892      0.000
    Q119$8             1.787      0.144     12.420      0.000
    Q120$1            -1.716      0.102    -16.880      0.000
    Q120$2            -1.156      0.065    -17.748      0.000
    Q120$3            -0.680      0.044    -15.363      0.000
    Q120$4             0.091      0.054      1.692      0.091
    Q120$5             0.467      0.063      7.392      0.000
    Q120$6             0.849      0.076     11.180      0.000
    Q120$7             1.293      0.107     12.065      0.000
    Q120$8             1.610      0.111     14.478      0.000

 Variances
    G                  1.000      0.000    999.000    999.000


STD Standardization

                                                    Two-Tailed
                    Estimate       S.E.  Est./S.E.    P-Value

 G        BY
    Q100               2.326      0.334      6.963      0.000
    Q101               1.536      0.183      8.404      0.000
    Q102               1.446      0.170      8.484      0.000
    Q103               1.834      0.173     10.622      0.000
    Q105               1.649      0.155     10.661      0.000
    Q106               1.616      0.131     12.297      0.000
    Q109               1.085      0.128      8.506      0.000
    Q110               2.928      0.295      9.938      0.000
    Q115               1.434      0.127     11.310      0.000
    Q118               2.553      0.269      9.488      0.000
    Q119               2.260      0.295      7.670      0.000
    Q120               2.466      0.308      8.006      0.000

 Thresholds
    Q100$1            -2.190      0.263     -8.343      0.000
    Q100$2            -1.836      0.237     -7.756      0.000
    Q100$3            -1.269      0.242     -5.242      0.000
    Q100$4            -0.633      0.244     -2.592      0.010
    Q100$5            -0.102      0.196     -0.519      0.604
    Q100$6             0.619      0.203      3.054      0.002
    Q100$7             1.626      0.222      7.329      0.000
    Q100$8             3.555      0.370      9.610      0.000
    Q100$9             6.694      0.668     10.018      0.000
    Q101$1            -3.990      0.249    -16.020      0.000
    Q101$2            -3.590      0.260    -13.796      0.000
    Q101$3            -3.243      0.243    -13.338      0.000
    Q101$4            -2.612      0.169    -15.475      0.000
    Q101$5            -2.035      0.131    -15.545      0.000
    Q101$6            -1.310      0.112    -11.730      0.000
    Q101$7            -0.121      0.138     -0.879      0.380
    Q101$8             2.043      0.185     11.017      0.000
    Q101$9             4.164      0.334     12.456      0.000
    Q102$1            -8.157      0.706    -11.559      0.000
    Q102$2            -5.895      0.339    -17.389      0.000
    Q102$3            -4.341      0.323    -13.461      0.000
    Q102$4            -2.081      0.179    -11.598      0.000
    Q102$5             0.167      0.081      2.066      0.039
    Q102$6             1.171      0.129      9.057      0.000
    Q102$7             2.869      0.216     13.271      0.000
    Q102$8             5.295      0.518     10.222      0.000
    Q103$1            -4.801      0.327    -14.698      0.000
    Q103$2            -3.302      0.218    -15.174      0.000
    Q103$3            -2.115      0.176    -12.018      0.000
    Q103$4             0.213      0.123      1.735      0.083
    Q103$5             1.600      0.167      9.579      0.000
    Q103$6             2.626      0.218     12.025      0.000
    Q103$7             4.596      0.398     11.557      0.000
    Q103$8             5.387      0.535     10.077      0.000
    Q105$1            -7.216      0.382    -18.887      0.000
    Q105$2            -4.342      0.243    -17.875      0.000
    Q105$3            -2.085      0.165    -12.634      0.000
    Q105$4            -0.685      0.152     -4.502      0.000
    Q105$5             1.015      0.185      5.482      0.000
    Q105$6             2.715      0.200     13.547      0.000
    Q105$7             3.901      0.299     13.040      0.000
    Q105$8             5.625      0.596      9.440      0.000
    Q106$1            -6.543      0.364    -17.985      0.000
    Q106$2            -5.034      0.262    -19.233      0.000
    Q106$3            -3.426      0.149    -23.004      0.000
    Q106$4            -2.145      0.107    -20.024      0.000
    Q106$5            -0.871      0.096     -9.033      0.000
    Q106$6             0.460      0.128      3.604      0.000
    Q106$7             1.862      0.194      9.580      0.000
    Q106$8             4.031      0.336     12.005      0.000
    Q109$1            -3.226      0.135    -23.819      0.000
    Q109$2            -2.361      0.139    -17.032      0.000
    Q109$3            -1.613      0.138    -11.684      0.000
    Q109$4             0.313      0.165      1.903      0.057
    Q109$5             3.568      0.291     12.258      0.000
    Q109$6             5.469      0.666      8.207      0.000
    Q109$7             8.144      0.759     10.729      0.000
    Q109$8             9.528      0.980      9.721      0.000
    Q110$1            -7.205      0.573    -12.564      0.000
    Q110$2            -4.769      0.386    -12.355      0.000
    Q110$3            -2.500      0.202    -12.359      0.000
    Q110$4            -0.692      0.202     -3.435      0.001
    Q110$5             1.035      0.205      5.060      0.000
    Q110$6             2.568      0.266      9.669      0.000
    Q110$7             4.404      0.329     13.375      0.000
    Q110$8             7.248      0.774      9.359      0.000
    Q115$1            -7.293      0.619    -11.784      0.000
    Q115$2            -6.770      0.467    -14.494      0.000
    Q115$3            -6.010      0.319    -18.819      0.000
    Q115$4            -5.530      0.204    -27.072      0.000
    Q115$5            -4.529      0.202    -22.384      0.000
    Q115$6            -3.520      0.172    -20.500      0.000
    Q115$7            -2.898      0.174    -16.628      0.000
    Q115$8            -1.635      0.132    -12.409      0.000
    Q115$9             1.018      0.129      7.878      0.000
    Q118$1            -6.387      0.470    -13.602      0.000
    Q118$2            -4.293      0.331    -12.963      0.000
    Q118$3            -1.774      0.182     -9.737      0.000
    Q118$4            -0.392      0.178     -2.201      0.028
    Q118$5             1.376      0.175      7.885      0.000
    Q118$6             3.171      0.256     12.392      0.000
    Q118$7             5.122      0.366     13.990      0.000
    Q118$8             6.529      0.464     14.084      0.000
    Q119$1            -5.857      0.403    -14.527      0.000
    Q119$2            -3.491      0.285    -12.241      0.000
    Q119$3            -1.973      0.166    -11.893      0.000
    Q119$4             0.008      0.174      0.045      0.964
    Q119$5             2.013      0.222      9.049      0.000
    Q119$6             3.530      0.310     11.395      0.000
    Q119$7             4.484      0.366     12.255      0.000
    Q119$8             5.180      0.430     12.050      0.000
    Q120$1            -5.254      0.475    -11.052      0.000
    Q120$2            -3.538      0.312    -11.332      0.000
    Q120$3            -2.081      0.163    -12.794      0.000
    Q120$4             0.279      0.168      1.656      0.098
    Q120$5             1.428      0.193      7.419      0.000
    Q120$6             2.598      0.266      9.785      0.000
    Q120$7             3.959      0.375     10.565      0.000
    Q120$8             4.930      0.466     10.576      0.000

 Variances
    G                  1.000      0.000    999.000    999.000


R-SQUARE

    Observed                                        Two-Tailed
    Variable        Estimate       S.E.  Est./S.E.    P-Value

    Q100               0.622      0.068      9.209      0.000
    Q101               0.418      0.058      7.214      0.000
    Q102               0.389      0.056      6.938      0.000
    Q103               0.506      0.047     10.743      0.000
    Q105               0.453      0.046      9.738      0.000
    Q106               0.442      0.040     11.027      0.000
    Q109               0.263      0.046      5.775      0.000
    Q110               0.723      0.040     17.918      0.000
    Q115               0.385      0.042      9.188      0.000
    Q118               0.665      0.047     14.143      0.000
    Q119               0.608      0.062      9.790      0.000
    Q120               0.649      0.057     11.402      0.000


QUALITY OF NUMERICAL RESULTS

     Condition Number for the Information Matrix              0.167E-03
       (ratio of smallest to largest eigenvalue)


     Beginning Time:  10:43:30
        Ending Time:  10:43:31
       Elapsed Time:  00:00:01



MUTHEN & MUTHEN
3463 Stoner Ave.
Los Angeles, CA  90066

Tel: (310) 391-9971
Fax: (310) 391-8971
Web: www.StatModel.com
Support: Support@StatModel.com

Copyright (c) 1998-2020 Muthen & Muthen
